<?xml version="1.0" encoding="UTF-8"?>
<!-- Generated by org.testng.reporters.JUnitReportReporter -->
<testsuite hostname="KARNA" failures="0" tests="1" name="com.crm.qa.testcases.AddToCartTest" time="18.916" errors="0" timestamp="04 Mar 2024 06:18:57 GMT" skipped="0">
  <testcase classname="com.crm.qa.testcases.AddToCartTest" name="verifyItemsAddTOCart" time="18.916"/>
</testsuite> <!-- com.crm.qa.testcases.AddToCartTest -->
