<?xml version="1.0" encoding="UTF-8"?>
<!-- Generated by org.testng.reporters.JUnitReportReporter -->
<testsuite hostname="KARNA" failures="0" tests="2" name="com.crm.qa.testcases.HomePageTest" time="7.672" errors="0" timestamp="04 Mar 2024 06:18:57 GMT" skipped="0">
  <testcase classname="com.crm.qa.testcases.HomePageTest" name="verifyHomePageTitleTest" time="2.981"/>
  <testcase classname="com.crm.qa.testcases.HomePageTest" name="verifyHomePage" time="4.691"/>
</testsuite> <!-- com.crm.qa.testcases.HomePageTest -->
