<?xml version="1.0" encoding="UTF-8"?>
<!-- Generated by org.testng.reporters.JUnitReportReporter -->
<testsuite hostname="KARNA" failures="0" tests="3" name="com.crm.qa.testcases.LoginPageTest" time="7.558" errors="0" timestamp="04 Mar 2024 06:18:57 GMT" skipped="0">
  <testcase classname="com.crm.qa.testcases.LoginPageTest" name="loginPageTitleTest" time="3.031"/>
  <testcase classname="com.crm.qa.testcases.LoginPageTest" name="crmLogoImageTest" time="2.332"/>
  <testcase classname="com.crm.qa.testcases.LoginPageTest" name="loginTest" time="2.195"/>
</testsuite> <!-- com.crm.qa.testcases.LoginPageTest -->
